        -:    0:Source:Collatz.c++
        -:    0:Graph:Collatz.gcno
        -:    0:Data:Collatz.gcda
        -:    0:Runs:1
        -:    0:Programs:1
        -:    1:// ----------------------------
        -:    2:// projects/collatz/Collatz.c++
        -:    3:// Copyright (C) 2015
        -:    4:// Glenn P. Downing
        -:    5:// ----------------------------
        -:    6:
        -:    7:// --------
        -:    8:// includes
        -:    9:// --------
        -:   10:
        -:   11:#include <cassert>  // assert
        -:   12:#include <iostream> // endl, istream, ostream
        -:   13:#include <sstream>  // istringstream
        -:   14:#include <string>   // getline, string
        -:   15:#include <utility>  // make_pair, pair
        -:   16:
        -:   17:#include "Collatz.h"
        -:   18:
        -:   19:using namespace std;
        -:   20://int cache [1000000];
        -:   21:// ------------
        -:   22:// collatz_read
        -:   23:// ------------
        -:   24:
function _Z12collatz_readRKSs called 8 returned 100% blocks executed 70%
        8:   25:pair<int, int> collatz_read (const string& s) {
        8:   26:    istringstream sin(s);
branch  0 taken 100% (fallthrough)
branch  1 taken 0% (throw)
call    2 returned 100%
        -:   27:    int i;
        -:   28:    int j;
        8:   29:    sin >> i >> j;
branch  0 taken 100% (fallthrough)
branch  1 taken 0% (throw)
call    2 returned 100%
branch  3 taken 100% (fallthrough)
branch  4 taken 0% (throw)
call    5 returned 100%
        8:   30:    return make_pair(i, j);}
call    0 returned 100%
branch  1 taken 100% (fallthrough)
branch  2 taken 0% (throw)
call    3 returned 100%
call    4 never executed
call    5 never executed
        -:   31:
        -:   32:// ------------
        -:   33:// collatz_eval
        -:   34:// ------------
        -:   35:
function _Z12collatz_evalii called 11 returned 100% blocks executed 100%
       11:   36:int collatz_eval (int i, int j) {
        -:   37:    // <your code>
        -:   38:/*	int previous=0;	
        -:   39:	int current=0;
        -:   40:	if (i>j){
        -:   41:	int temp=i;
        -:   42:	i=j;
        -:   43:	j=temp;
        -:   44:	}
        -:   45:	int halfVal=(j/2)+1;
        -:   46:	if (i<halfVal){
        -:   47:	i=halfVal;
        -:   48:
        -:   49:	}
        -:   50:	for (int q=i; q<j; q++){
        -:   51:		int a= q;
        -:   52:		while (a!=1){
        -:   53:			if(cache[a]!=0){
        -:   54:			current+=cache[a];
        -:   55:			cout << "Hello";
        -:   56:			break;
        -:   57:			}
        -:   58:			if (a%2==0){
        -:   59:			a=a/2;
        -:   60:			}else {
        -:   61:			a=(3*a)+1;
        -:   62:			}
        -:   63:		current++;
        -:   64:		}
        -:   65:	
        -:   66:	if (cache[q]==0){
        -:   67:	cache[q]=current;
        -:   68:	}
        -:   69:	if (current>previous){
        -:   70:	previous=current;
        -:   71:	}
        -:   72:	current=0;
        -:   73:
        -:   74:	}
        -:   75:    return previous+1;}
        -:   76:*/
       11:   77:return 1;}
        -:   78:// -------------
        -:   79:// collatz_print
        -:   80:// -------------
        -:   81:
function _Z13collatz_printRSoiii called 5 returned 100% blocks executed 100%
        5:   82:void collatz_print (ostream& w, int i, int j, int v) {
        5:   83:    w << i << " " << j << " " << v << endl;}
call    0 returned 100%
call    1 returned 100%
call    2 returned 100%
call    3 returned 100%
call    4 returned 100%
call    5 returned 100%
        -:   84:
        -:   85:// -------------
        -:   86:// collatz_solve
        -:   87:// -------------
        -:   88:
function _Z13collatz_solveRSiRSo called 1 returned 100% blocks executed 73%
        1:   89:void collatz_solve (istream& r, ostream& w) {
        1:   90:    string s;
branch  0 taken 100% (fallthrough)
branch  1 taken 0% (throw)
call    2 returned 100%
        6:   91:    while (getline(r, s)) {
branch  0 taken 100% (fallthrough)
branch  1 taken 0% (throw)
call    2 returned 100%
branch  3 taken 100% (fallthrough)
branch  4 taken 0% (throw)
call    5 returned 100%
branch  6 taken 80%
branch  7 taken 20% (fallthrough)
        4:   92:        const pair<int, int> p = collatz_read(s);
branch  0 taken 100% (fallthrough)
branch  1 taken 0% (throw)
call    2 returned 100%
        4:   93:        const int            i = p.first;
        4:   94:        const int            j = p.second;
        4:   95:        const int            v = collatz_eval(i, j);
call    0 returned 100%
function _GLOBAL__sub_I__Z12collatz_readRKSs called 1 returned 100% blocks executed 100%
function _Z41__static_initialization_and_destruction_0ii called 1 returned 100% blocks executed 100%
        8:   96:        collatz_print(w, i, j, v);}}
call    0 returned 100%
branch  1 taken 100% (fallthrough)
branch  2 taken 0%
branch  3 taken 100% (fallthrough)
branch  4 taken 0%
branch  5 taken 100% (fallthrough)
branch  6 taken 0% (throw)
call    7 returned 100%
call    8 returned 100%
call    9 never executed
call   10 never executed
