        -:    0:Source:TestCollatz.c++
        -:    0:Graph:TestCollatz.gcno
        -:    0:Data:TestCollatz.gcda
        -:    0:Runs:1
        -:    0:Programs:1
        -:    1:// --------------------------------
        -:    2:// projects/collatz/TestCollatz.c++
        -:    3:// Copyright (C) 2015
        -:    4:// Glenn P. Downing
        -:    5:// --------------------------------
        -:    6:
        -:    7:// https://code.google.com/p/googletest/wiki/V1_7_Primer#Basic_Assertions
        -:    8:
        -:    9:// --------
        -:   10:// includes
        -:   11:// --------
        -:   12:
        -:   13:#include <iostream> // cout, endl
        -:   14:#include <sstream>  // istringtstream, ostringstream
        -:   15:#include <string>   // string
        -:   16:#include <utility>  // pair
        -:   17:
        -:   18:#include "gtest/gtest.h"
        -:   19:
        -:   20:#include "Collatz.h"
        -:   21:
        -:   22:using namespace std;
        -:   23:
        -:   24:// -----------
        -:   25:// TestCollatz
        -:   26:// -----------
        -:   27:
        -:   28:// ----
        -:   29:// read
        -:   30:// ----
        -:   31:
function _ZN17Collatz_read_TestD0Ev called 1 returned 100% blocks executed 100%
function _ZN17Collatz_read_TestD2Ev called 1 returned 100% blocks executed 75%
function _ZN17Collatz_read_Test8TestBodyEv called 1 returned 100% blocks executed 36%
function _ZN17Collatz_read_TestC2Ev called 1 returned 100% blocks executed 100%
        5:   32:TEST(Collatz, read) {
call    0 returned 100%
call    1 returned 100%
call    2 returned 100%
call    3 returned 100%
call    4 returned 100%
call    5 returned 100%
call    6 returned 100%
branch  7 taken 0% (fallthrough)
branch  8 taken 100%
call    9 never executed
call   10 returned 100%
        1:   33:    string s("1 10\n");
call    0 returned 100%
branch  1 taken 100% (fallthrough)
branch  2 taken 0% (throw)
call    3 returned 100%
call    4 returned 100%
call    5 never executed
        1:   34:    const pair<int, int> p = collatz_read(s);
branch  0 taken 100% (fallthrough)
branch  1 taken 0% (throw)
call    2 returned 100%
        1:   35:    ASSERT_EQ( 1, p.first);
branch  0 taken 100% (fallthrough)
branch  1 taken 0% (throw)
call    2 returned 100%
call    3 returned 100%
branch  4 taken 0% (fallthrough)
branch  5 taken 100%
branch  6 never executed
branch  7 never executed
call    8 never executed
branch  9 never executed
branch 10 never executed
call   11 never executed
branch 12 never executed
branch 13 never executed
call   14 never executed
branch 15 never executed
branch 16 never executed
call   17 never executed
branch 18 never executed
branch 19 never executed
call   20 never executed
branch 21 never executed
branch 22 never executed
call   23 never executed
branch 24 taken 100% (fallthrough)
branch 25 taken 0% (throw)
call   26 returned 100%
branch 27 taken 100%
branch 28 taken 0%
call   29 never executed
call   30 never executed
call   31 never executed
        1:   36:    ASSERT_EQ(10, p.second);}
branch  0 taken 100% (fallthrough)
branch  1 taken 0% (throw)
call    2 returned 100%
call    3 returned 100%
branch  4 taken 0% (fallthrough)
branch  5 taken 100%
branch  6 never executed
branch  7 never executed
call    8 never executed
branch  9 never executed
branch 10 never executed
call   11 never executed
branch 12 never executed
branch 13 never executed
call   14 never executed
branch 15 never executed
branch 16 never executed
call   17 never executed
branch 18 never executed
branch 19 never executed
call   20 never executed
branch 21 never executed
branch 22 never executed
call   23 never executed
branch 24 taken 100% (fallthrough)
branch 25 taken 0% (throw)
call   26 returned 100%
branch 27 taken 100%
branch 28 taken 0%
call   29 returned 100%
branch 30 taken 100%
branch 31 taken 0%
call   32 never executed
call   33 never executed
call   34 never executed
call   35 never executed
call   36 never executed
        -:   37:
function _ZN18Collatz_readA_TestD0Ev called 1 returned 100% blocks executed 100%
function _ZN18Collatz_readA_TestD2Ev called 1 returned 100% blocks executed 75%
function _ZN18Collatz_readA_Test8TestBodyEv called 1 returned 100% blocks executed 36%
function _ZN18Collatz_readA_TestC2Ev called 1 returned 100% blocks executed 100%
        5:   38:TEST(Collatz, readA) {
call    0 returned 100%
call    1 returned 100%
call    2 returned 100%
call    3 returned 100%
call    4 returned 100%
call    5 returned 100%
call    6 returned 100%
branch  7 taken 0% (fallthrough)
branch  8 taken 100%
call    9 never executed
call   10 returned 100%
        1:   39:    string s("250 2\n");
call    0 returned 100%
branch  1 taken 100% (fallthrough)
branch  2 taken 0% (throw)
call    3 returned 100%
call    4 returned 100%
call    5 never executed
        1:   40:    const pair<int, int> p = collatz_read(s);
branch  0 taken 100% (fallthrough)
branch  1 taken 0% (throw)
call    2 returned 100%
        1:   41:    ASSERT_EQ( 250, p.first);
branch  0 taken 100% (fallthrough)
branch  1 taken 0% (throw)
call    2 returned 100%
call    3 returned 100%
branch  4 taken 0% (fallthrough)
branch  5 taken 100%
branch  6 never executed
branch  7 never executed
call    8 never executed
branch  9 never executed
branch 10 never executed
call   11 never executed
branch 12 never executed
branch 13 never executed
call   14 never executed
branch 15 never executed
branch 16 never executed
call   17 never executed
branch 18 never executed
branch 19 never executed
call   20 never executed
branch 21 never executed
branch 22 never executed
call   23 never executed
branch 24 taken 100% (fallthrough)
branch 25 taken 0% (throw)
call   26 returned 100%
branch 27 taken 100%
branch 28 taken 0%
call   29 never executed
call   30 never executed
call   31 never executed
        1:   42:    ASSERT_EQ(2, p.second);}
branch  0 taken 100% (fallthrough)
branch  1 taken 0% (throw)
call    2 returned 100%
call    3 returned 100%
branch  4 taken 0% (fallthrough)
branch  5 taken 100%
branch  6 never executed
branch  7 never executed
call    8 never executed
branch  9 never executed
branch 10 never executed
call   11 never executed
branch 12 never executed
branch 13 never executed
call   14 never executed
branch 15 never executed
branch 16 never executed
call   17 never executed
branch 18 never executed
branch 19 never executed
call   20 never executed
branch 21 never executed
branch 22 never executed
call   23 never executed
branch 24 taken 100% (fallthrough)
branch 25 taken 0% (throw)
call   26 returned 100%
branch 27 taken 100%
branch 28 taken 0%
call   29 returned 100%
branch 30 taken 100%
branch 31 taken 0%
call   32 never executed
call   33 never executed
call   34 never executed
call   35 never executed
call   36 never executed
        -:   43:
function _ZN18Collatz_readB_TestD0Ev called 1 returned 100% blocks executed 100%
function _ZN18Collatz_readB_TestD2Ev called 1 returned 100% blocks executed 75%
function _ZN18Collatz_readB_Test8TestBodyEv called 1 returned 100% blocks executed 36%
function _ZN18Collatz_readB_TestC2Ev called 1 returned 100% blocks executed 100%
        5:   44:TEST(Collatz, readB) {
call    0 returned 100%
call    1 returned 100%
call    2 returned 100%
call    3 returned 100%
call    4 returned 100%
call    5 returned 100%
call    6 returned 100%
branch  7 taken 0% (fallthrough)
branch  8 taken 100%
call    9 never executed
call   10 returned 100%
        1:   45:    string s("13 10\n");
call    0 returned 100%
branch  1 taken 100% (fallthrough)
branch  2 taken 0% (throw)
call    3 returned 100%
call    4 returned 100%
call    5 never executed
        1:   46:    const pair<int, int> p = collatz_read(s);
branch  0 taken 100% (fallthrough)
branch  1 taken 0% (throw)
call    2 returned 100%
        1:   47:    ASSERT_EQ( 13, p.first);
branch  0 taken 100% (fallthrough)
branch  1 taken 0% (throw)
call    2 returned 100%
call    3 returned 100%
branch  4 taken 0% (fallthrough)
branch  5 taken 100%
branch  6 never executed
branch  7 never executed
call    8 never executed
branch  9 never executed
branch 10 never executed
call   11 never executed
branch 12 never executed
branch 13 never executed
call   14 never executed
branch 15 never executed
branch 16 never executed
call   17 never executed
branch 18 never executed
branch 19 never executed
call   20 never executed
branch 21 never executed
branch 22 never executed
call   23 never executed
branch 24 taken 100% (fallthrough)
branch 25 taken 0% (throw)
call   26 returned 100%
branch 27 taken 100%
branch 28 taken 0%
call   29 never executed
call   30 never executed
call   31 never executed
        1:   48:    ASSERT_EQ(10, p.second);}
branch  0 taken 100% (fallthrough)
branch  1 taken 0% (throw)
call    2 returned 100%
call    3 returned 100%
branch  4 taken 0% (fallthrough)
branch  5 taken 100%
branch  6 never executed
branch  7 never executed
call    8 never executed
branch  9 never executed
branch 10 never executed
call   11 never executed
branch 12 never executed
branch 13 never executed
call   14 never executed
branch 15 never executed
branch 16 never executed
call   17 never executed
branch 18 never executed
branch 19 never executed
call   20 never executed
branch 21 never executed
branch 22 never executed
call   23 never executed
branch 24 taken 100% (fallthrough)
branch 25 taken 0% (throw)
call   26 returned 100%
branch 27 taken 100%
branch 28 taken 0%
call   29 returned 100%
branch 30 taken 100%
branch 31 taken 0%
call   32 never executed
call   33 never executed
call   34 never executed
call   35 never executed
call   36 never executed
        -:   49:
function _ZN18Collatz_readC_TestD0Ev called 1 returned 100% blocks executed 100%
function _ZN18Collatz_readC_TestD2Ev called 1 returned 100% blocks executed 75%
function _ZN18Collatz_readC_Test8TestBodyEv called 1 returned 100% blocks executed 36%
function _ZN18Collatz_readC_TestC2Ev called 1 returned 100% blocks executed 100%
        5:   50:TEST(Collatz, readC) {
call    0 returned 100%
call    1 returned 100%
call    2 returned 100%
call    3 returned 100%
call    4 returned 100%
call    5 returned 100%
call    6 returned 100%
branch  7 taken 0% (fallthrough)
branch  8 taken 100%
call    9 never executed
call   10 returned 100%
        1:   51:    string s("21 220\n");
call    0 returned 100%
branch  1 taken 100% (fallthrough)
branch  2 taken 0% (throw)
call    3 returned 100%
call    4 returned 100%
call    5 never executed
        1:   52:    const pair<int, int> p = collatz_read(s);
branch  0 taken 100% (fallthrough)
branch  1 taken 0% (throw)
call    2 returned 100%
        1:   53:    ASSERT_EQ( 21, p.first);
branch  0 taken 100% (fallthrough)
branch  1 taken 0% (throw)
call    2 returned 100%
call    3 returned 100%
branch  4 taken 0% (fallthrough)
branch  5 taken 100%
branch  6 never executed
branch  7 never executed
call    8 never executed
branch  9 never executed
branch 10 never executed
call   11 never executed
branch 12 never executed
branch 13 never executed
call   14 never executed
branch 15 never executed
branch 16 never executed
call   17 never executed
branch 18 never executed
branch 19 never executed
call   20 never executed
branch 21 never executed
branch 22 never executed
call   23 never executed
branch 24 taken 100% (fallthrough)
branch 25 taken 0% (throw)
call   26 returned 100%
branch 27 taken 100%
branch 28 taken 0%
call   29 never executed
call   30 never executed
call   31 never executed
        1:   54:    ASSERT_EQ(220, p.second);}
branch  0 taken 100% (fallthrough)
branch  1 taken 0% (throw)
call    2 returned 100%
call    3 returned 100%
branch  4 taken 0% (fallthrough)
branch  5 taken 100%
branch  6 never executed
branch  7 never executed
call    8 never executed
branch  9 never executed
branch 10 never executed
call   11 never executed
branch 12 never executed
branch 13 never executed
call   14 never executed
branch 15 never executed
branch 16 never executed
call   17 never executed
branch 18 never executed
branch 19 never executed
call   20 never executed
branch 21 never executed
branch 22 never executed
call   23 never executed
branch 24 taken 100% (fallthrough)
branch 25 taken 0% (throw)
call   26 returned 100%
branch 27 taken 100%
branch 28 taken 0%
call   29 returned 100%
branch 30 taken 100%
branch 31 taken 0%
call   32 never executed
call   33 never executed
call   34 never executed
call   35 never executed
call   36 never executed
        -:   55:// ----
        -:   56:// eval
        -:   57:// ----
        -:   58:
function _ZN19Collatz_eval_1_TestD0Ev called 1 returned 100% blocks executed 100%
function _ZN19Collatz_eval_1_TestD2Ev called 1 returned 100% blocks executed 75%
function _ZN19Collatz_eval_1_Test8TestBodyEv called 1 returned 100% blocks executed 35%
function _ZN19Collatz_eval_1_TestC2Ev called 1 returned 100% blocks executed 100%
        5:   59:TEST(Collatz, eval_1) {
call    0 returned 100%
call    1 returned 100%
call    2 returned 100%
call    3 returned 100%
call    4 returned 100%
call    5 returned 100%
call    6 returned 100%
branch  7 taken 0% (fallthrough)
branch  8 taken 100%
call    9 never executed
call   10 returned 100%
        1:   60:    const int v = collatz_eval(1, 10);
branch  0 taken 100% (fallthrough)
branch  1 taken 0% (throw)
call    2 returned 100%
        1:   61:    ASSERT_EQ(20, v);}
branch  0 taken 100% (fallthrough)
branch  1 taken 0% (throw)
call    2 returned 100%
call    3 returned 100%
branch  4 taken 0% (fallthrough)
branch  5 taken 100%
branch  6 never executed
branch  7 never executed
call    8 never executed
branch  9 never executed
branch 10 never executed
call   11 never executed
branch 12 never executed
branch 13 never executed
call   14 never executed
branch 15 never executed
branch 16 never executed
call   17 never executed
branch 18 never executed
branch 19 never executed
call   20 never executed
branch 21 never executed
branch 22 never executed
call   23 never executed
branch 24 taken 100% (fallthrough)
branch 25 taken 0% (throw)
call   26 returned 100%
branch 27 taken 100%
branch 28 taken 0%
call   29 never executed
call   30 never executed
call   31 never executed
call   32 never executed
        -:   62:
function _ZN19Collatz_eval_2_TestD0Ev called 1 returned 100% blocks executed 100%
function _ZN19Collatz_eval_2_TestD2Ev called 1 returned 100% blocks executed 75%
function _ZN19Collatz_eval_2_Test8TestBodyEv called 1 returned 100% blocks executed 35%
function _ZN19Collatz_eval_2_TestC2Ev called 1 returned 100% blocks executed 100%
        5:   63:TEST(Collatz, eval_2) {
call    0 returned 100%
call    1 returned 100%
call    2 returned 100%
call    3 returned 100%
call    4 returned 100%
call    5 returned 100%
call    6 returned 100%
branch  7 taken 0% (fallthrough)
branch  8 taken 100%
call    9 never executed
call   10 returned 100%
        1:   64:    const int v = collatz_eval(100, 200);
branch  0 taken 100% (fallthrough)
branch  1 taken 0% (throw)
call    2 returned 100%
        1:   65:    ASSERT_EQ(125, v);}
branch  0 taken 100% (fallthrough)
branch  1 taken 0% (throw)
call    2 returned 100%
call    3 returned 100%
branch  4 taken 0% (fallthrough)
branch  5 taken 100%
branch  6 never executed
branch  7 never executed
call    8 never executed
branch  9 never executed
branch 10 never executed
call   11 never executed
branch 12 never executed
branch 13 never executed
call   14 never executed
branch 15 never executed
branch 16 never executed
call   17 never executed
branch 18 never executed
branch 19 never executed
call   20 never executed
branch 21 never executed
branch 22 never executed
call   23 never executed
branch 24 taken 100% (fallthrough)
branch 25 taken 0% (throw)
call   26 returned 100%
branch 27 taken 100%
branch 28 taken 0%
call   29 never executed
call   30 never executed
call   31 never executed
call   32 never executed
        -:   66:
function _ZN19Collatz_eval_3_TestD0Ev called 1 returned 100% blocks executed 100%
function _ZN19Collatz_eval_3_TestD2Ev called 1 returned 100% blocks executed 75%
function _ZN19Collatz_eval_3_Test8TestBodyEv called 1 returned 100% blocks executed 35%
function _ZN19Collatz_eval_3_TestC2Ev called 1 returned 100% blocks executed 100%
        5:   67:TEST(Collatz, eval_3) {
call    0 returned 100%
call    1 returned 100%
call    2 returned 100%
call    3 returned 100%
call    4 returned 100%
call    5 returned 100%
call    6 returned 100%
branch  7 taken 0% (fallthrough)
branch  8 taken 100%
call    9 never executed
call   10 returned 100%
        1:   68:    const int v = collatz_eval(201, 210);
branch  0 taken 100% (fallthrough)
branch  1 taken 0% (throw)
call    2 returned 100%
        1:   69:    ASSERT_EQ(89, v);}
branch  0 taken 100% (fallthrough)
branch  1 taken 0% (throw)
call    2 returned 100%
call    3 returned 100%
branch  4 taken 0% (fallthrough)
branch  5 taken 100%
branch  6 never executed
branch  7 never executed
call    8 never executed
branch  9 never executed
branch 10 never executed
call   11 never executed
branch 12 never executed
branch 13 never executed
call   14 never executed
branch 15 never executed
branch 16 never executed
call   17 never executed
branch 18 never executed
branch 19 never executed
call   20 never executed
branch 21 never executed
branch 22 never executed
call   23 never executed
branch 24 taken 100% (fallthrough)
branch 25 taken 0% (throw)
call   26 returned 100%
branch 27 taken 100%
branch 28 taken 0%
call   29 never executed
call   30 never executed
call   31 never executed
call   32 never executed
        -:   70:
function _ZN19Collatz_eval_4_TestD0Ev called 1 returned 100% blocks executed 100%
function _ZN19Collatz_eval_4_TestD2Ev called 1 returned 100% blocks executed 75%
function _ZN19Collatz_eval_4_Test8TestBodyEv called 1 returned 100% blocks executed 35%
function _ZN19Collatz_eval_4_TestC2Ev called 1 returned 100% blocks executed 100%
        5:   71:TEST(Collatz, eval_4) {
call    0 returned 100%
call    1 returned 100%
call    2 returned 100%
call    3 returned 100%
call    4 returned 100%
call    5 returned 100%
call    6 returned 100%
branch  7 taken 0% (fallthrough)
branch  8 taken 100%
call    9 never executed
call   10 returned 100%
        1:   72:    const int v = collatz_eval(900, 1000);
branch  0 taken 100% (fallthrough)
branch  1 taken 0% (throw)
call    2 returned 100%
        1:   73:    ASSERT_EQ(174, v);}
branch  0 taken 100% (fallthrough)
branch  1 taken 0% (throw)
call    2 returned 100%
call    3 returned 100%
branch  4 taken 0% (fallthrough)
branch  5 taken 100%
branch  6 never executed
branch  7 never executed
call    8 never executed
branch  9 never executed
branch 10 never executed
call   11 never executed
branch 12 never executed
branch 13 never executed
call   14 never executed
branch 15 never executed
branch 16 never executed
call   17 never executed
branch 18 never executed
branch 19 never executed
call   20 never executed
branch 21 never executed
branch 22 never executed
call   23 never executed
branch 24 taken 100% (fallthrough)
branch 25 taken 0% (throw)
call   26 returned 100%
branch 27 taken 100%
branch 28 taken 0%
call   29 never executed
call   30 never executed
call   31 never executed
call   32 never executed
        -:   74:
function _ZN19Collatz_eval_5_TestD0Ev called 1 returned 100% blocks executed 100%
function _ZN19Collatz_eval_5_TestD2Ev called 1 returned 100% blocks executed 75%
function _ZN19Collatz_eval_5_Test8TestBodyEv called 1 returned 100% blocks executed 35%
function _ZN19Collatz_eval_5_TestC2Ev called 1 returned 100% blocks executed 100%
        5:   75:TEST(Collatz, eval_5) {
call    0 returned 100%
call    1 returned 100%
call    2 returned 100%
call    3 returned 100%
call    4 returned 100%
call    5 returned 100%
call    6 returned 100%
branch  7 taken 0% (fallthrough)
branch  8 taken 100%
call    9 never executed
call   10 returned 100%
        1:   76:    const int v = collatz_eval(10, 1);
branch  0 taken 100% (fallthrough)
branch  1 taken 0% (throw)
call    2 returned 100%
        1:   77:    ASSERT_EQ(20, v);}
branch  0 taken 100% (fallthrough)
branch  1 taken 0% (throw)
call    2 returned 100%
call    3 returned 100%
branch  4 taken 0% (fallthrough)
branch  5 taken 100%
branch  6 never executed
branch  7 never executed
call    8 never executed
branch  9 never executed
branch 10 never executed
call   11 never executed
branch 12 never executed
branch 13 never executed
call   14 never executed
branch 15 never executed
branch 16 never executed
call   17 never executed
branch 18 never executed
branch 19 never executed
call   20 never executed
branch 21 never executed
branch 22 never executed
call   23 never executed
branch 24 taken 100% (fallthrough)
branch 25 taken 0% (throw)
call   26 returned 100%
branch 27 taken 100%
branch 28 taken 0%
call   29 never executed
call   30 never executed
call   31 never executed
call   32 never executed
        -:   78:
function _ZN19Collatz_eval_6_TestD0Ev called 1 returned 100% blocks executed 100%
function _ZN19Collatz_eval_6_TestD2Ev called 1 returned 100% blocks executed 75%
function _ZN19Collatz_eval_6_Test8TestBodyEv called 1 returned 100% blocks executed 35%
function _ZN19Collatz_eval_6_TestC2Ev called 1 returned 100% blocks executed 100%
        5:   79:TEST(Collatz, eval_6) {
call    0 returned 100%
call    1 returned 100%
call    2 returned 100%
call    3 returned 100%
call    4 returned 100%
call    5 returned 100%
call    6 returned 100%
branch  7 taken 0% (fallthrough)
branch  8 taken 100%
call    9 never executed
call   10 returned 100%
        1:   80:    const int v = collatz_eval(32, 50);
branch  0 taken 100% (fallthrough)
branch  1 taken 0% (throw)
call    2 returned 100%
        1:   81:    ASSERT_EQ(110, v);}
branch  0 taken 100% (fallthrough)
branch  1 taken 0% (throw)
call    2 returned 100%
call    3 returned 100%
branch  4 taken 0% (fallthrough)
branch  5 taken 100%
branch  6 never executed
branch  7 never executed
call    8 never executed
branch  9 never executed
branch 10 never executed
call   11 never executed
branch 12 never executed
branch 13 never executed
call   14 never executed
branch 15 never executed
branch 16 never executed
call   17 never executed
branch 18 never executed
branch 19 never executed
call   20 never executed
branch 21 never executed
branch 22 never executed
call   23 never executed
branch 24 taken 100% (fallthrough)
branch 25 taken 0% (throw)
call   26 returned 100%
branch 27 taken 100%
branch 28 taken 0%
call   29 never executed
call   30 never executed
call   31 never executed
call   32 never executed
        -:   82:
function _ZN19Collatz_eval_7_TestD0Ev called 1 returned 100% blocks executed 100%
function _ZN19Collatz_eval_7_TestD2Ev called 1 returned 100% blocks executed 75%
function _ZN19Collatz_eval_7_Test8TestBodyEv called 1 returned 100% blocks executed 35%
function _ZN19Collatz_eval_7_TestC2Ev called 1 returned 100% blocks executed 100%
        5:   83:TEST(Collatz, eval_7) {
call    0 returned 100%
call    1 returned 100%
call    2 returned 100%
call    3 returned 100%
call    4 returned 100%
call    5 returned 100%
call    6 returned 100%
branch  7 taken 0% (fallthrough)
branch  8 taken 100%
call    9 never executed
call   10 returned 100%
        1:   84:    const int v = collatz_eval(500000, 500002);
branch  0 taken 100% (fallthrough)
branch  1 taken 0% (throw)
call    2 returned 100%
        1:   85:    ASSERT_EQ(152, v);}
branch  0 taken 100% (fallthrough)
branch  1 taken 0% (throw)
call    2 returned 100%
call    3 returned 100%
branch  4 taken 0% (fallthrough)
branch  5 taken 100%
branch  6 never executed
branch  7 never executed
call    8 never executed
branch  9 never executed
branch 10 never executed
call   11 never executed
branch 12 never executed
branch 13 never executed
call   14 never executed
branch 15 never executed
branch 16 never executed
call   17 never executed
branch 18 never executed
branch 19 never executed
call   20 never executed
branch 21 never executed
branch 22 never executed
call   23 never executed
branch 24 taken 100% (fallthrough)
branch 25 taken 0% (throw)
call   26 returned 100%
branch 27 taken 100%
branch 28 taken 0%
call   29 never executed
call   30 never executed
call   31 never executed
call   32 never executed
        -:   86:// -----
        -:   87:// print
        -:   88:// -----
        -:   89:
function _ZN18Collatz_print_TestD0Ev called 1 returned 100% blocks executed 100%
function _ZN18Collatz_print_TestD2Ev called 1 returned 100% blocks executed 75%
function _ZN18Collatz_print_Test8TestBodyEv called 1 returned 100% blocks executed 42%
function _ZN18Collatz_print_TestC2Ev called 1 returned 100% blocks executed 100%
        5:   90:TEST(Collatz, print) {
call    0 returned 100%
call    1 returned 100%
call    2 returned 100%
call    3 returned 100%
call    4 returned 100%
call    5 returned 100%
call    6 returned 100%
branch  7 taken 0% (fallthrough)
branch  8 taken 100%
call    9 never executed
call   10 returned 100%
        1:   91:    ostringstream w;
branch  0 taken 100% (fallthrough)
branch  1 taken 0% (throw)
call    2 returned 100%
        1:   92:    collatz_print(w, 1, 10, 20);
branch  0 taken 100% (fallthrough)
branch  1 taken 0% (throw)
call    2 returned 100%
        1:   93:    ASSERT_EQ("1 10 20\n", w.str());}
branch  0 taken 100% (fallthrough)
branch  1 taken 0% (throw)
call    2 returned 100%
branch  3 taken 100% (fallthrough)
branch  4 taken 0% (throw)
call    5 returned 100%
call    6 returned 100%
call    7 returned 100%
branch  8 taken 0% (fallthrough)
branch  9 taken 100%
branch 10 never executed
branch 11 never executed
call   12 never executed
branch 13 never executed
branch 14 never executed
call   15 never executed
branch 16 never executed
branch 17 never executed
call   18 never executed
branch 19 never executed
branch 20 never executed
call   21 never executed
branch 22 never executed
branch 23 never executed
call   24 never executed
branch 25 never executed
branch 26 never executed
call   27 never executed
branch 28 taken 100% (fallthrough)
branch 29 taken 0% (throw)
call   30 returned 100%
branch 31 taken 100%
branch 32 taken 0%
branch 33 taken 100% (fallthrough)
branch 34 taken 0% (throw)
call   35 returned 100%
branch 36 taken 100%
branch 37 taken 0%
call   38 never executed
call   39 never executed
call   40 never executed
call   41 never executed
call   42 never executed
call   43 never executed
        -:   94:
function _ZN19Collatz_printA_TestD0Ev called 1 returned 100% blocks executed 100%
function _ZN19Collatz_printA_TestD2Ev called 1 returned 100% blocks executed 75%
function _ZN19Collatz_printA_Test8TestBodyEv called 1 returned 100% blocks executed 42%
function _ZN19Collatz_printA_TestC2Ev called 1 returned 100% blocks executed 100%
        5:   95:TEST(Collatz, printA) {
call    0 returned 100%
call    1 returned 100%
call    2 returned 100%
call    3 returned 100%
call    4 returned 100%
call    5 returned 100%
call    6 returned 100%
branch  7 taken 0% (fallthrough)
branch  8 taken 100%
call    9 never executed
call   10 returned 100%
        1:   96:    ostringstream w;
branch  0 taken 100% (fallthrough)
branch  1 taken 0% (throw)
call    2 returned 100%
        1:   97:    collatz_print(w, 10, 1, 20);
branch  0 taken 100% (fallthrough)
branch  1 taken 0% (throw)
call    2 returned 100%
        1:   98:    ASSERT_EQ("10 1 20\n", w.str());}
branch  0 taken 100% (fallthrough)
branch  1 taken 0% (throw)
call    2 returned 100%
branch  3 taken 100% (fallthrough)
branch  4 taken 0% (throw)
call    5 returned 100%
call    6 returned 100%
call    7 returned 100%
branch  8 taken 0% (fallthrough)
branch  9 taken 100%
branch 10 never executed
branch 11 never executed
call   12 never executed
branch 13 never executed
branch 14 never executed
call   15 never executed
branch 16 never executed
branch 17 never executed
call   18 never executed
branch 19 never executed
branch 20 never executed
call   21 never executed
branch 22 never executed
branch 23 never executed
call   24 never executed
branch 25 never executed
branch 26 never executed
call   27 never executed
branch 28 taken 100% (fallthrough)
branch 29 taken 0% (throw)
call   30 returned 100%
branch 31 taken 100%
branch 32 taken 0%
branch 33 taken 100% (fallthrough)
branch 34 taken 0% (throw)
call   35 returned 100%
branch 36 taken 100%
branch 37 taken 0%
call   38 never executed
call   39 never executed
call   40 never executed
call   41 never executed
call   42 never executed
call   43 never executed
        -:   99:
function _ZN19Collatz_printB_TestD0Ev called 1 returned 100% blocks executed 100%
function _ZN19Collatz_printB_TestD2Ev called 1 returned 100% blocks executed 75%
function _ZN19Collatz_printB_Test8TestBodyEv called 1 returned 100% blocks executed 42%
function _ZN19Collatz_printB_TestC2Ev called 1 returned 100% blocks executed 100%
        5:  100:TEST(Collatz, printB) {
call    0 returned 100%
call    1 returned 100%
call    2 returned 100%
call    3 returned 100%
call    4 returned 100%
call    5 returned 100%
call    6 returned 100%
branch  7 taken 0% (fallthrough)
branch  8 taken 100%
call    9 never executed
call   10 returned 100%
        1:  101:    ostringstream w;
branch  0 taken 100% (fallthrough)
branch  1 taken 0% (throw)
call    2 returned 100%
        1:  102:    collatz_print(w, 32, 50, 110);
branch  0 taken 100% (fallthrough)
branch  1 taken 0% (throw)
call    2 returned 100%
        1:  103:    ASSERT_EQ("32 50 110\n", w.str());}
branch  0 taken 100% (fallthrough)
branch  1 taken 0% (throw)
call    2 returned 100%
branch  3 taken 100% (fallthrough)
branch  4 taken 0% (throw)
call    5 returned 100%
call    6 returned 100%
call    7 returned 100%
branch  8 taken 0% (fallthrough)
branch  9 taken 100%
branch 10 never executed
branch 11 never executed
call   12 never executed
branch 13 never executed
branch 14 never executed
call   15 never executed
branch 16 never executed
branch 17 never executed
call   18 never executed
branch 19 never executed
branch 20 never executed
call   21 never executed
branch 22 never executed
branch 23 never executed
call   24 never executed
branch 25 never executed
branch 26 never executed
call   27 never executed
branch 28 taken 100% (fallthrough)
branch 29 taken 0% (throw)
call   30 returned 100%
branch 31 taken 100%
branch 32 taken 0%
branch 33 taken 100% (fallthrough)
branch 34 taken 0% (throw)
call   35 returned 100%
branch 36 taken 100%
branch 37 taken 0%
call   38 never executed
call   39 never executed
call   40 never executed
call   41 never executed
call   42 never executed
call   43 never executed
        -:  104:
function _ZN19Collatz_printC_TestD0Ev called 1 returned 100% blocks executed 100%
function _ZN19Collatz_printC_TestD2Ev called 1 returned 100% blocks executed 75%
function _ZN19Collatz_printC_Test8TestBodyEv called 1 returned 100% blocks executed 42%
function _ZN19Collatz_printC_TestC2Ev called 1 returned 100% blocks executed 100%
        5:  105:TEST(Collatz, printC) {
call    0 returned 100%
call    1 returned 100%
call    2 returned 100%
call    3 returned 100%
call    4 returned 100%
call    5 returned 100%
call    6 returned 100%
branch  7 taken 0% (fallthrough)
branch  8 taken 100%
call    9 never executed
call   10 returned 100%
        1:  106:    ostringstream w;
branch  0 taken 100% (fallthrough)
branch  1 taken 0% (throw)
call    2 returned 100%
        1:  107:    collatz_print(w, 500000, 500002, 152);
branch  0 taken 100% (fallthrough)
branch  1 taken 0% (throw)
call    2 returned 100%
        1:  108:    ASSERT_EQ("500000 500002 152\n", w.str());}
branch  0 taken 100% (fallthrough)
branch  1 taken 0% (throw)
call    2 returned 100%
branch  3 taken 100% (fallthrough)
branch  4 taken 0% (throw)
call    5 returned 100%
call    6 returned 100%
call    7 returned 100%
branch  8 taken 0% (fallthrough)
branch  9 taken 100%
branch 10 never executed
branch 11 never executed
call   12 never executed
branch 13 never executed
branch 14 never executed
call   15 never executed
branch 16 never executed
branch 17 never executed
call   18 never executed
branch 19 never executed
branch 20 never executed
call   21 never executed
branch 22 never executed
branch 23 never executed
call   24 never executed
branch 25 never executed
branch 26 never executed
call   27 never executed
branch 28 taken 100% (fallthrough)
branch 29 taken 0% (throw)
call   30 returned 100%
branch 31 taken 100%
branch 32 taken 0%
branch 33 taken 100% (fallthrough)
branch 34 taken 0% (throw)
call   35 returned 100%
branch 36 taken 100%
branch 37 taken 0%
call   38 never executed
call   39 never executed
call   40 never executed
call   41 never executed
call   42 never executed
call   43 never executed
        -:  109:// -----
        -:  110:// solve
        -:  111:// -----
        -:  112:
function _ZN18Collatz_solve_TestD0Ev called 1 returned 100% blocks executed 100%
function _ZN18Collatz_solve_TestD2Ev called 1 returned 100% blocks executed 75%
function _ZN18Collatz_solve_Test8TestBodyEv called 1 returned 100% blocks executed 45%
function _ZN18Collatz_solve_TestC2Ev called 1 returned 100% blocks executed 100%
        5:  113:TEST(Collatz, solve) {
call    0 returned 100%
call    1 returned 100%
call    2 returned 100%
call    3 returned 100%
call    4 returned 100%
call    5 returned 100%
call    6 returned 100%
branch  7 taken 0% (fallthrough)
branch  8 taken 100%
call    9 never executed
call   10 returned 100%
        1:  114:    istringstream r("1 10\n100 200\n201 210\n900 1000\n");
call    0 returned 100%
branch  1 taken 100% (fallthrough)
branch  2 taken 0% (throw)
call    3 returned 100%
branch  4 taken 100% (fallthrough)
branch  5 taken 0% (throw)
call    6 returned 100%
call    7 returned 100%
call    8 returned 100%
call    9 never executed
call   10 never executed
        1:  115:    ostringstream w;
branch  0 taken 100% (fallthrough)
branch  1 taken 0% (throw)
call    2 returned 100%
        1:  116:    collatz_solve(r, w);
branch  0 taken 100% (fallthrough)
branch  1 taken 0% (throw)
call    2 returned 100%
        1:  117:    ASSERT_EQ("1 10 20\n100 200 125\n201 210 89\n900 1000 174\n", w.str());}
branch  0 taken 100% (fallthrough)
branch  1 taken 0% (throw)
call    2 returned 100%
branch  3 taken 100% (fallthrough)
branch  4 taken 0% (throw)
call    5 returned 100%
call    6 returned 100%
call    7 returned 100%
branch  8 taken 0% (fallthrough)
branch  9 taken 100%
branch 10 never executed
branch 11 never executed
call   12 never executed
branch 13 never executed
branch 14 never executed
call   15 never executed
branch 16 never executed
branch 17 never executed
call   18 never executed
branch 19 never executed
branch 20 never executed
call   21 never executed
branch 22 never executed
branch 23 never executed
call   24 never executed
branch 25 never executed
branch 26 never executed
call   27 never executed
branch 28 taken 100% (fallthrough)
branch 29 taken 0% (throw)
call   30 returned 100%
branch 31 taken 100%
branch 32 taken 0%
branch 33 taken 100% (fallthrough)
branch 34 taken 0% (throw)
call   35 returned 100%
branch 36 taken 0%
branch 37 taken 100%
branch 38 taken 100% (fallthrough)
branch 39 taken 0% (throw)
call   40 returned 100%
branch 41 taken 100%
branch 42 taken 0%
call   43 never executed
call   44 never executed
call   45 never executed
call   46 never executed
call   47 never executed
call   48 never executed
call   49 never executed
        -:  118:
function _ZN19Collatz_solveA_TestD0Ev called 1 returned 100% blocks executed 100%
function _ZN19Collatz_solveA_TestD2Ev called 1 returned 100% blocks executed 75%
function _ZN19Collatz_solveA_Test8TestBodyEv called 1 returned 100% blocks executed 45%
function _ZN19Collatz_solveA_TestC2Ev called 1 returned 100% blocks executed 100%
        5:  119:TEST(Collatz, solveA) {
call    0 returned 100%
call    1 returned 100%
call    2 returned 100%
call    3 returned 100%
call    4 returned 100%
call    5 returned 100%
call    6 returned 100%
branch  7 taken 0% (fallthrough)
branch  8 taken 100%
call    9 never executed
call   10 returned 100%
        1:  120:    istringstream r("23 24\n24 23\n");
call    0 returned 100%
branch  1 taken 100% (fallthrough)
branch  2 taken 0% (throw)
call    3 returned 100%
branch  4 taken 100% (fallthrough)
branch  5 taken 0% (throw)
call    6 returned 100%
call    7 returned 100%
call    8 returned 100%
call    9 never executed
call   10 never executed
        1:  121:    ostringstream w;
branch  0 taken 100% (fallthrough)
branch  1 taken 0% (throw)
call    2 returned 100%
        1:  122:    collatz_solve(r, w);
branch  0 taken 100% (fallthrough)
branch  1 taken 0% (throw)
call    2 returned 100%
        1:  123:    ASSERT_EQ("23 24 16\n24 23 16\n", w.str());}
branch  0 taken 100% (fallthrough)
branch  1 taken 0% (throw)
call    2 returned 100%
branch  3 taken 100% (fallthrough)
branch  4 taken 0% (throw)
call    5 returned 100%
call    6 returned 100%
call    7 returned 100%
branch  8 taken 0% (fallthrough)
branch  9 taken 100%
branch 10 never executed
branch 11 never executed
call   12 never executed
branch 13 never executed
branch 14 never executed
call   15 never executed
branch 16 never executed
branch 17 never executed
call   18 never executed
branch 19 never executed
branch 20 never executed
call   21 never executed
branch 22 never executed
branch 23 never executed
call   24 never executed
branch 25 never executed
branch 26 never executed
call   27 never executed
branch 28 taken 100% (fallthrough)
branch 29 taken 0% (throw)
call   30 returned 100%
branch 31 taken 100%
branch 32 taken 0%
branch 33 taken 100% (fallthrough)
branch 34 taken 0% (throw)
call   35 returned 100%
branch 36 taken 0%
branch 37 taken 100%
branch 38 taken 100% (fallthrough)
branch 39 taken 0% (throw)
call   40 returned 100%
branch 41 taken 100%
branch 42 taken 0%
call   43 never executed
call   44 never executed
call   45 never executed
call   46 never executed
call   47 never executed
call   48 never executed
call   49 never executed
        -:  124:
function _ZN19Collatz_solveB_TestD0Ev called 1 returned 100% blocks executed 100%
function _ZN19Collatz_solveB_TestD2Ev called 1 returned 100% blocks executed 75%
function _ZN19Collatz_solveB_Test8TestBodyEv called 1 returned 100% blocks executed 45%
function _ZN19Collatz_solveB_TestC2Ev called 1 returned 100% blocks executed 100%
        5:  125:TEST(Collatz, solveB) {
call    0 returned 100%
call    1 returned 100%
call    2 returned 100%
call    3 returned 100%
call    4 returned 100%
call    5 returned 100%
call    6 returned 100%
branch  7 taken 0% (fallthrough)
branch  8 taken 100%
call    9 never executed
call   10 returned 100%
        1:  126:    istringstream r("1 45\n45 1\n145 145\n");
call    0 returned 100%
branch  1 taken 100% (fallthrough)
branch  2 taken 0% (throw)
call    3 returned 100%
branch  4 taken 100% (fallthrough)
branch  5 taken 0% (throw)
call    6 returned 100%
call    7 returned 100%
call    8 returned 100%
call    9 never executed
call   10 never executed
        1:  127:    ostringstream w;
branch  0 taken 100% (fallthrough)
branch  1 taken 0% (throw)
call    2 returned 100%
        1:  128:    collatz_solve(r, w);
branch  0 taken 100% (fallthrough)
branch  1 taken 0% (throw)
call    2 returned 100%
        1:  129:    ASSERT_EQ("1 45 112\n45 1 112\n145 145 116\n", w.str());}
branch  0 taken 100% (fallthrough)
branch  1 taken 0% (throw)
call    2 returned 100%
branch  3 taken 100% (fallthrough)
branch  4 taken 0% (throw)
call    5 returned 100%
call    6 returned 100%
call    7 returned 100%
branch  8 taken 0% (fallthrough)
branch  9 taken 100%
branch 10 never executed
branch 11 never executed
call   12 never executed
branch 13 never executed
branch 14 never executed
call   15 never executed
branch 16 never executed
branch 17 never executed
call   18 never executed
branch 19 never executed
branch 20 never executed
call   21 never executed
branch 22 never executed
branch 23 never executed
call   24 never executed
branch 25 never executed
branch 26 never executed
call   27 never executed
branch 28 taken 100% (fallthrough)
branch 29 taken 0% (throw)
call   30 returned 100%
branch 31 taken 100%
branch 32 taken 0%
branch 33 taken 100% (fallthrough)
branch 34 taken 0% (throw)
call   35 returned 100%
branch 36 taken 0%
branch 37 taken 100%
branch 38 taken 100% (fallthrough)
branch 39 taken 0% (throw)
call   40 returned 100%
branch 41 taken 100%
branch 42 taken 0%
call   43 never executed
call   44 never executed
call   45 never executed
call   46 never executed
call   47 never executed
call   48 never executed
call   49 never executed
        -:  130:
function _ZN19Collatz_solveC_TestD0Ev called 1 returned 100% blocks executed 100%
function _ZN19Collatz_solveC_TestD2Ev called 1 returned 100% blocks executed 75%
function _ZN19Collatz_solveC_Test8TestBodyEv called 1 returned 100% blocks executed 45%
function _ZN19Collatz_solveC_TestC2Ev called 1 returned 100% blocks executed 100%
        5:  131:TEST(Collatz, solveC) {
call    0 returned 100%
call    1 returned 100%
call    2 returned 100%
call    3 returned 100%
call    4 returned 100%
call    5 returned 100%
call    6 returned 100%
branch  7 taken 0% (fallthrough)
branch  8 taken 100%
call    9 never executed
call   10 returned 100%
        1:  132:    istringstream r("1 145\n146 144\n12 1234\n");
call    0 returned 100%
branch  1 taken 100% (fallthrough)
branch  2 taken 0% (throw)
call    3 returned 100%
branch  4 taken 100% (fallthrough)
branch  5 taken 0% (throw)
call    6 returned 100%
call    7 returned 100%
call    8 returned 100%
call    9 never executed
call   10 never executed
        1:  133:    ostringstream w;
branch  0 taken 100% (fallthrough)
branch  1 taken 0% (throw)
call    2 returned 100%
        1:  134:    collatz_solve(r, w);
branch  0 taken 100% (fallthrough)
branch  1 taken 0% (throw)
call    2 returned 100%
function _GLOBAL__sub_I__ZN17Collatz_read_Test10test_info_E called 1 returned 100% blocks executed 100%
function _Z41__static_initialization_and_destruction_0ii called 1 returned 100% blocks executed 100%
        4:  135:    ASSERT_EQ("1 145 122\n146 144 117\n12 1234 182\n", w.str());}
call    0 returned 100%
branch  1 taken 100% (fallthrough)
branch  2 taken 0%
branch  3 taken 100% (fallthrough)
branch  4 taken 0%
branch  5 taken 100% (fallthrough)
branch  6 taken 0% (throw)
call    7 returned 100%
branch  8 taken 100% (fallthrough)
branch  9 taken 0% (throw)
call   10 returned 100%
call   11 returned 100%
call   12 returned 100%
branch 13 taken 0% (fallthrough)
branch 14 taken 100%
branch 15 never executed
branch 16 never executed
call   17 never executed
branch 18 never executed
branch 19 never executed
call   20 never executed
branch 21 never executed
branch 22 never executed
call   23 never executed
branch 24 never executed
branch 25 never executed
call   26 never executed
branch 27 never executed
branch 28 never executed
call   29 never executed
branch 30 never executed
branch 31 never executed
call   32 never executed
branch 33 taken 100% (fallthrough)
branch 34 taken 0% (throw)
call   35 returned 100%
branch 36 taken 100%
branch 37 taken 0%
branch 38 taken 100% (fallthrough)
branch 39 taken 0% (throw)
call   40 returned 100%
branch 41 taken 0%
branch 42 taken 100%
branch 43 taken 100% (fallthrough)
branch 44 taken 0% (throw)
call   45 returned 100%
branch 46 taken 100%
branch 47 taken 0%
call   48 never executed
call   49 never executed
call   50 never executed
call   51 never executed
call   52 never executed
call   53 never executed
call   54 never executed
        -:  136:/*
        -:  137:% ls -al /usr/include/gtest/
        -:  138:...
        -:  139:gtest.h
        -:  140:...
        -:  141:
        -:  142:
        -:  143:
        -:  144:% locate libgtest.a
        -:  145:/usr/lib/libgtest.a
        -:  146:...
        -:  147:
        -:  148:
        -:  149:
        -:  150:% locate libpthread.a
        -:  151:...
        -:  152:/usr/lib32/libpthread.a
        -:  153:
        -:  154:
        -:  155:
        -:  156:% locate libgtest_main.a
        -:  157:/usr/lib/libgtest_main.a
        -:  158:...
        -:  159:
        -:  160:
        -:  161:
        -:  162:% g++-4.7 -fprofile-arcs -ftest-coverage -pedantic -std=c++11 -Wall Collatz.c++ TestCollatz.c++ -o TestCollatz -lgtest -lgtest_main -lpthread
        -:  163:
        -:  164:
        -:  165:
        -:  166:% valgrind TestCollatz        >  TestCollatz.out 2>&1
        -:  167:% gcov-4.7 -b Collatz.c++     >> TestCollatz.out
        -:  168:% gcov-4.7 -b TestCollatz.c++ >> TestCollatz.out
        -:  169:
        -:  170:
        -:  171:
        -:  172:% cat TestCollatz.out
        -:  173:==14225== Memcheck, a memory error detector
        -:  174:==14225== Copyright (C) 2002-2011, and GNU GPL'd, by Julian Seward et al.
        -:  175:==14225== Using Valgrind-3.7.0 and LibVEX; rerun with -h for copyright info
        -:  176:==14225== Command: TestCollatz
        -:  177:==14225==
        -:  178:Running main() from gtest_main.cc
        -:  179:[==========] Running 7 tests from 1 test case.
        -:  180:[----------] Global test environment set-up.
        -:  181:[----------] 7 tests from Collatz
        -:  182:[ RUN      ] Collatz.read
        -:  183:[       OK ] Collatz.read (31 ms)
        -:  184:[ RUN      ] Collatz.eval_1
        -:  185:[       OK ] Collatz.eval_1 (5 ms)
        -:  186:[ RUN      ] Collatz.eval_2
        -:  187:[       OK ] Collatz.eval_2 (3 ms)
        -:  188:[ RUN      ] Collatz.eval_3
        -:  189:[       OK ] Collatz.eval_3 (3 ms)
        -:  190:[ RUN      ] Collatz.eval_4
        -:  191:[       OK ] Collatz.eval_4 (3 ms)
        -:  192:[ RUN      ] Collatz.print
        -:  193:[       OK ] Collatz.print (17 ms)
        -:  194:[ RUN      ] Collatz.solve
        -:  195:[       OK ] Collatz.solve (10 ms)
        -:  196:[----------] 7 tests from Collatz (88 ms total)
        -:  197:
        -:  198:[----------] Global test environment tear-down
        -:  199:[==========] 7 tests from 1 test case ran. (132 ms total)
        -:  200:[  PASSED  ] 7 tests.
        -:  201:==14225==
        -:  202:==14225== HEAP SUMMARY:
        -:  203:==14225==     in use at exit: 0 bytes in 0 blocks
        -:  204:==14225==   total heap usage: 495 allocs, 495 frees, 70,302 bytes allocated
        -:  205:==14225==
        -:  206:==14225== All heap blocks were freed -- no leaks are possible
        -:  207:==14225==
        -:  208:==14225== For counts of detected and suppressed errors, rerun with: -v
        -:  209:==14225== ERROR SUMMARY: 0 errors from 0 contexts (suppressed: 2 from 2)
        -:  210:File 'Collatz.c++'
        -:  211:Lines executed:100.00% of 17
        -:  212:Branches executed:100.00% of 18
        -:  213:Taken at least once:61.11% of 18
        -:  214:Calls executed:89.47% of 19
        -:  215:Creating 'Collatz.c++.gcov'
        -:  216:...
        -:  217:File 'TestCollatz.c++'
        -:  218:Lines executed:100.00% of 26
        -:  219:Branches executed:57.14% of 224
        -:  220:Taken at least once:28.57% of 224
        -:  221:Calls executed:54.07% of 209
        -:  222:Creating 'TestCollatz.c++.gcov'
        -:  223:...
        -:  224:*/
